Using pre-set license
Built from '2020.3/staging' branch; Version is '2020.3.16f1 (049d6eca3c44) revision 302446'; Using compiler version '192528614'; Build Type 'Release'
OS: 'Windows 10 Pro; OS build 19043.1237; Version 2009; 64bit' Language: 'ko' Physical Memory: 8059 MB
BatchMode: 1, IsHumanControllingUs: 0, StartBugReporterOnCrash: 0, Is64bit: 1, IsPro: 0

 COMMAND LINE ARGUMENTS:
C:\Program Files\Unity\Editor\Unity.exe
-adb2
-batchMode
-noUpm
-name
AssetImportWorker0
-projectPath
C:/Users/yhJung/Desktop/sparta_roket/20211005_basket
-logFile
Logs/AssetImportWorker0.log
-srvPort
60339
Successfully changed project path to: C:/Users/yhJung/Desktop/sparta_roket/20211005_basket
C:/Users/yhJung/Desktop/sparta_roket/20211005_basket
Using Asset Import Pipeline V2.
Refreshing native plugins compatible for Editor in 38.02 ms, found 3 plugins.
Preloading 0 native plugins for Editor in 0.00 ms.
Initialize engine version: 2020.3.16f1 (049d6eca3c44)
[Subsystems] Discovering subsystems at path C:/Program Files/Unity/Editor/Data/Resources/UnitySubsystems
[Subsystems] Discovering subsystems at path C:/Users/yhJung/Desktop/sparta_roket/20211005_basket/Assets
GfxDevice: creating device client; threaded=0
Direct3D:
    Version:  Direct3D 11.0 [level 11.1]
    Renderer: NVIDIA GeForce GTX 1650 Ti (ID=0x1f95)
    Vendor:   
    VRAM:     3962 MB
    Driver:   27.21.14.6230
Initialize mono
Mono path[0] = 'C:/Program Files/Unity/Editor/Data/Managed'
Mono path[1] = 'C:/Program Files/Unity/Editor/Data/MonoBleedingEdge/lib/mono/unityjit'
Mono config path = 'C:/Program Files/Unity/Editor/Data/MonoBleedingEdge/etc'
Using monoOptions --debugger-agent=transport=dt_socket,embedding=1,server=y,suspend=n,address=127.0.0.1:56520
Begin MonoManager ReloadAssembly
Registering precompiled unity dll's ...
Register platform support module: C:/Program Files/Unity/Editor/Data/PlaybackEngines/WindowsStandaloneSupport/UnityEditor.WindowsStandalone.Extensions.dll
Registered in 0.001330 seconds.
Native extension for WindowsStandalone target not found
Refreshing native plugins compatible for Editor in 53.48 ms, found 3 plugins.
Preloading 0 native plugins for Editor in 0.00 ms.
Mono: successfully reloaded assembly
- Completed reload, in  0.857 seconds
Domain Reload Profiling:
	ReloadAssembly (858ms)
		BeginReloadAssembly (42ms)
			ExecutionOrderSort (0ms)
			DisableScriptedObjects (0ms)
			BackupInstance (0ms)
			ReleaseScriptingObjects (0ms)
			CreateAndSetChildDomain (1ms)
		EndReloadAssembly (391ms)
			LoadAssemblies (40ms)
			RebuildTransferFunctionScriptingTraits (0ms)
			SetupTypeCache (126ms)
			ReleaseScriptCaches (0ms)
			RebuildScriptCaches (29ms)
			SetupLoadedEditorAssemblies (179ms)
				LogAssemblyErrors (0ms)
				InitializePlatformSupportModulesInManaged (3ms)
				SetLoadedEditorAssemblies (0ms)
				RefreshPlugins (54ms)
				BeforeProcessingInitializeOnLoad (20ms)
				ProcessInitializeOnLoadAttributes (78ms)
				ProcessInitializeOnLoadMethodAttributes (24ms)
				AfterProcessingInitializeOnLoad (0ms)
				EditorAssembliesLoaded (0ms)
			ExecutionOrderSort2 (0ms)
			AwakeInstancesAfterBackupRestoration (0ms)
Platform modules already initialized, skipping
Registering precompiled user dll's ...
Registered in 0.003058 seconds.
Begin MonoManager ReloadAssembly
Native extension for WindowsStandalone target not found
Refreshing native plugins compatible for Editor in 36.40 ms, found 3 plugins.
Preloading 0 native plugins for Editor in 0.00 ms.
Mono: successfully reloaded assembly
- Completed reload, in  1.070 seconds
Domain Reload Profiling:
	ReloadAssembly (1071ms)
		BeginReloadAssembly (127ms)
			ExecutionOrderSort (0ms)
			DisableScriptedObjects (4ms)
			BackupInstance (0ms)
			ReleaseScriptingObjects (0ms)
			CreateAndSetChildDomain (17ms)
		EndReloadAssembly (891ms)
			LoadAssemblies (83ms)
			RebuildTransferFunctionScriptingTraits (0ms)
			SetupTypeCache (272ms)
			ReleaseScriptCaches (0ms)
			RebuildScriptCaches (43ms)
			SetupLoadedEditorAssemblies (377ms)
				LogAssemblyErrors (0ms)
				InitializePlatformSupportModulesInManaged (3ms)
				SetLoadedEditorAssemblies (0ms)
				RefreshPlugins (36ms)
				BeforeProcessingInitializeOnLoad (72ms)
				ProcessInitializeOnLoadAttributes (248ms)
				ProcessInitializeOnLoadMethodAttributes (12ms)
				AfterProcessingInitializeOnLoad (5ms)
				EditorAssembliesLoaded (0ms)
			ExecutionOrderSort2 (0ms)
			AwakeInstancesAfterBackupRestoration (6ms)
Platform modules already initialized, skipping
========================================================================
Worker process is ready to serve import requests
Launched and connected shader compiler UnityShaderCompiler.exe after 0.06 seconds
Refreshing native plugins compatible for Editor in 0.41 ms, found 3 plugins.
Preloading 0 native plugins for Editor in 0.00 ms.
Unloading 2112 Unused Serialized files (Serialized files now loaded: 0)
System memory in use before: 95.3 MB.
System memory in use after: 95.4 MB.

Unloading 28 unused Assets to reduce memory usage. Loaded Objects now: 2548.
Total: 2.865200 ms (FindLiveObjects: 0.184400 ms CreateObjectMapping: 0.072500 ms MarkObjects: 2.511500 ms  DeleteObjects: 0.095900 ms)

AssetImportParameters requested are different than current active one (requested -> active):
  custom:framework-win-MediaFoundation: 216162199b28c13a410421893ffa2e32 -> 
  custom:video-decoder-ogg-theora: a1e56fd34408186e4bbccfd4996cb3dc -> 
  custom:container-muxer-webm: aa71ff27fc2769a1b78a27578f13a17b -> 
  custom:container-demuxer-webm: 4f35f7cbe854078d1ac9338744f61a02 -> 
  custom:container-demuxer-ogg: 62fdf1f143b41e24485cea50d1cbac27 -> 
  custom:video-encoder-webm-vp8: eb34c28f22e8b96e1ab97ce403110664 -> 
  custom:video-decoder-webm-vp8: 9c59270c3fd7afecdb556c50c9e8de78 -> 
  custom:audio-decoder-ogg-vorbis: bf7c407c2cedff20999df2af8eb42d56 -> 
  custom:audio-encoder-webm-vorbis: bf7c407c2cedff20999df2af8eb42d56 -> 
========================================================================
Received Import Request.
  path: Assets/KakaoTalk_20210930_022913087_01.png
  artifactKey: Guid(dc71169446c08cb43a004aa3e71fe0bd) Importer(815301076,1909f56bfc062723c751e8b465ee728b)
Start importing Assets/KakaoTalk_20210930_022913087_01.png using Guid(dc71169446c08cb43a004aa3e71fe0bd) Importer(815301076,1909f56bfc062723c751e8b465ee728b)  -> (artifact id: '70f788dbb9d6249be7646e7fa47d7cdf') in 0.088454 seconds 
  Import took 0.091318 seconds .

========================================================================
Received Import Request.
  Time since last request: 0.000154 seconds.
  path: Assets/New TMP Color Gradient.asset
  artifactKey: Guid(fa58a041afe597c4aa7e47e2ffaa40ab) Importer(815301076,1909f56bfc062723c751e8b465ee728b)
Start importing Assets/New TMP Color Gradient.asset using Guid(fa58a041afe597c4aa7e47e2ffaa40ab) Importer(815301076,1909f56bfc062723c751e8b465ee728b)  -> (artifact id: '751bf0e769eb4870600e1aca17c38c4e') in 0.010263 seconds 
  Import took 0.013572 seconds .

========================================================================
Received Import Request.
  Time since last request: 0.000175 seconds.
  path: Assets/bounciness.physicsMaterial2D
  artifactKey: Guid(edd5213bd1b516f47ad59a92f9a742c2) Importer(815301076,1909f56bfc062723c751e8b465ee728b)
Start importing Assets/bounciness.physicsMaterial2D using Guid(edd5213bd1b516f47ad59a92f9a742c2) Importer(815301076,1909f56bfc062723c751e8b465ee728b)  -> (artifact id: 'd7490dc299b6a3550951e6191c7399cf') in 0.007156 seconds 
  Import took 0.011133 seconds .

========================================================================
Received Import Request.
  Time since last request: 0.000256 seconds.
  path: Assets/bg1.png
  artifactKey: Guid(7f2f9d2949f201045b5e0c848bf33ab4) Importer(815301076,1909f56bfc062723c751e8b465ee728b)
Start importing Assets/bg1.png using Guid(7f2f9d2949f201045b5e0c848bf33ab4) Importer(815301076,1909f56bfc062723c751e8b465ee728b)  -> (artifact id: 'f9e18696a1ae2e9d1554d4ea81cffd2b') in 0.042755 seconds 
  Import took 0.047103 seconds .

========================================================================
Received Import Request.
  Time since last request: 0.000206 seconds.
  path: Assets/bg3.png
  artifactKey: Guid(0cd16c251dc200242be51b5c24d1cdec) Importer(815301076,1909f56bfc062723c751e8b465ee728b)
Start importing Assets/bg3.png using Guid(0cd16c251dc200242be51b5c24d1cdec) Importer(815301076,1909f56bfc062723c751e8b465ee728b)  -> (artifact id: '49d97ba9e21a58a71886868de9ca3fab') in 0.047459 seconds 
  Import took 0.052159 seconds .

========================================================================
Received Import Request.
  Time since last request: 0.000156 seconds.
  path: Assets/bg_main.png
  artifactKey: Guid(8ea530cdd2aefff4e9b29a21b494ed76) Importer(815301076,1909f56bfc062723c751e8b465ee728b)
Start importing Assets/bg_main.png using Guid(8ea530cdd2aefff4e9b29a21b494ed76) Importer(815301076,1909f56bfc062723c751e8b465ee728b)  -> (artifact id: '282e902c1ef4f3f21fc9f2bd6dbe12a7') in 0.031968 seconds 
  Import took 0.035206 seconds .

========================================================================
Received Import Request.
  Time since last request: 0.000151 seconds.
  path: Assets/bg2.png
  artifactKey: Guid(0001f50988bb3e24b8b7a10858ff6b44) Importer(815301076,1909f56bfc062723c751e8b465ee728b)
Start importing Assets/bg2.png using Guid(0001f50988bb3e24b8b7a10858ff6b44) Importer(815301076,1909f56bfc062723c751e8b465ee728b)  -> (artifact id: '369d1284023e1a2404b9e8bea976a0ef') in 0.018902 seconds 
  Import took 0.022177 seconds .

========================================================================
Received Import Request.
  Time since last request: 0.000132 seconds.
  path: Assets/KakaoTalk_20210930_022913087_02.png
  artifactKey: Guid(8aa49f01d19f81749aa1575de5053145) Importer(815301076,1909f56bfc062723c751e8b465ee728b)
Start importing Assets/KakaoTalk_20210930_022913087_02.png using Guid(8aa49f01d19f81749aa1575de5053145) Importer(815301076,1909f56bfc062723c751e8b465ee728b)  -> (artifact id: '21d3441e7ebeef4fdfc0fb833dd928a0') in 0.011749 seconds 
  Import took 0.014643 seconds .

========================================================================
Received Import Request.
  Time since last request: 5.810700 seconds.
  path: Assets/Scenes/Game.unity
  artifactKey: Guid(2cda990e2423bbf4892e6590ba056729) Importer(815301076,1909f56bfc062723c751e8b465ee728b)
Start importing Assets/Scenes/Game.unity using Guid(2cda990e2423bbf4892e6590ba056729) Importer(815301076,1909f56bfc062723c751e8b465ee728b)  -> (artifact id: '42badc03b4a505eb6a4b82908f3059cc') in 0.006856 seconds 
  Import took 0.010249 seconds .

========================================================================
Received Import Request.
  Time since last request: 0.006358 seconds.
  path: Assets/Scenes/Game.unity
  artifactKey: Guid(2cda990e2423bbf4892e6590ba056729) Importer(815301076,1909f56bfc062723c751e8b465ee728b)
Start importing Assets/Scenes/Game.unity using Guid(2cda990e2423bbf4892e6590ba056729) Importer(815301076,1909f56bfc062723c751e8b465ee728b)  -> (artifact id: '42badc03b4a505eb6a4b82908f3059cc') in 0.002715 seconds 
  Import took 0.006194 seconds .

